2015/07/01 0:44:30 にビルドを開始しました。
     1>ノード 2 上のプロジェクト "C:\Users\shinnichiro\Documents\free\free\free.vcxproj" (build ターゲット)。
     1>InitializeBuildStatus:
         "Debug\free.unsuccessfulbuild" のタッチ タスクを実行しています。
       ClCompile:
         c:\Program Files (x86)\Microsoft Visual Studio 10.0\VC\bin\CL.exe /c /ZI /nologo /W3 /WX- /Od /Oy- /D WIN32 /D _DEBUG /D _WINDOWS /D _MBCS /Gm /EHsc /RTC1 /MTd /GS /fp:precise /Zc:wchar_t /Zc:forScope /Fo"Debug\\" /Fd"Debug\vc100.pdb" /Gd /TP /analyze- /errorReport:prompt vector3D.cpp
         vector3D.cpp
       ManifestResourceCompile:
         すべての出力が最新のものです。
       Link:
         c:\Program Files (x86)\Microsoft Visual Studio 10.0\VC\bin\link.exe /ERRORREPORT:PROMPT /OUT:"C:\Users\shinnichiro\Documents\free\free\Debug\free.exe" /INCREMENTAL /NOLOGO kernel32.lib user32.lib gdi32.lib winspool.lib comdlg32.lib advapi32.lib shell32.lib ole32.lib oleaut32.lib uuid.lib odbc32.lib odbccp32.lib /MANIFEST /ManifestFile:"Debug\free.exe.intermediate.manifest" /MANIFESTUAC:"level='asInvoker' uiAccess='false'" /DEBUG /PDB:"C:\Users\shinnichiro\Documents\free\free\Debug\free.pdb" /SUBSYSTEM:WINDOWS /TLBID:1 /DYNAMICBASE /NXCOMPAT /IMPLIB:"C:\Users\shinnichiro\Documents\free\free\Debug\free.lib" /MACHINE:X86 Debug\free.exe.embed.manifest.res
         Debug\application.obj
         Debug\camera.obj
         Debug\debugproc.obj
         Debug\input.obj
         Debug\joypad.obj
         Debug\keyboard.obj
         Debug\light.obj
         Debug\main.obj
         Debug\mouse.obj
         Debug\number.obj
         Debug\product.obj
         Debug\RandLCG.obj
         Debug\renderer.obj
         Debug\texture.obj
         Debug\vector3D.obj
         Debug\window.obj
       Manifest:
         C:\Program Files (x86)\Microsoft SDKs\Windows\v7.0A\bin\mt.exe /nologo /verbose /out:"Debug\free.exe.embed.manifest" /manifest Debug\free.exe.intermediate.manifest
         C:\Program Files (x86)\Microsoft SDKs\Windows\v7.0A\bin\rc.exe /nologo /fo"Debug\free.exe.embed.manifest.res" Debug\free_manifest.rc 
       LinkEmbedManifest:
         c:\Program Files (x86)\Microsoft Visual Studio 10.0\VC\bin\link.exe /ERRORREPORT:PROMPT /OUT:"C:\Users\shinnichiro\Documents\free\free\Debug\free.exe" /INCREMENTAL /NOLOGO kernel32.lib user32.lib gdi32.lib winspool.lib comdlg32.lib advapi32.lib shell32.lib ole32.lib oleaut32.lib uuid.lib odbc32.lib odbccp32.lib /MANIFEST /ManifestFile:"Debug\free.exe.intermediate.manifest" /MANIFESTUAC:"level='asInvoker' uiAccess='false'" /DEBUG /PDB:"C:\Users\shinnichiro\Documents\free\free\Debug\free.pdb" /SUBSYSTEM:WINDOWS /TLBID:1 /DYNAMICBASE /NXCOMPAT /IMPLIB:"C:\Users\shinnichiro\Documents\free\free\Debug\free.lib" /MACHINE:X86 Debug\free.exe.embed.manifest.res
         Debug\application.obj
         Debug\camera.obj
         Debug\debugproc.obj
         Debug\input.obj
         Debug\joypad.obj
         Debug\keyboard.obj
         Debug\light.obj
         Debug\main.obj
         Debug\mouse.obj
         Debug\number.obj
         Debug\product.obj
         Debug\RandLCG.obj
         Debug\renderer.obj
         Debug\texture.obj
         Debug\vector3D.obj
         Debug\window.obj
         free.vcxproj -> C:\Users\shinnichiro\Documents\free\free\Debug\free.exe
       FinalizeBuildStatus:
         ファイル "Debug\free.unsuccessfulbuild" を削除しています。
         "Debug\free.lastbuildstate" のタッチ タスクを実行しています。
     1>プロジェクト "C:\Users\shinnichiro\Documents\free\free\free.vcxproj" (build ターゲット) のビルドが完了しました。

ビルドに成功しました。

経過時間 00:00:01.82
